build/app/outputs/mapping/release/mapping.txt
# compiler: R8
# compiler_version: 1.5.64
# min_api: 16
# pg_map_id: 9a98920
...
io.grpc.Metadata$LazyValue -> c.b.s0$h:
    io.grpc.Metadata$BinaryStreamMarshaller marshaller -> a
    java.lang.Object value -> b
    byte[] serialized -> c
    io.grpc.Metadata$LazyValue create(io.grpc.Metadata$Key,java.lang.Object) -> a
    byte[] toBytes() -> a
    java.lang.Object toObject(io.grpc.Metadata$Key) -> a
    io.grpc.Metadata$BinaryStreamMarshaller getBinaryStreamMarshaller(io.grpc.Metadata$Key) -> b
    java.io.InputStream toStream() -> b
io.grpc.Metadata$TrustedAsciiKey -> c.b.s0$i:
    io.grpc.Metadata$TrustedAsciiMarshaller marshaller -> f
    java.lang.Object parseBytes(byte[]) -> a
    byte[] toBytes(java.lang.Object) -> a
io.grpc.Metadata$TrustedAsciiMarshaller -> c.b.s0$j:
    java.lang.Object parseAsciiString(byte[]) -> a
    byte[] toAsciiString(java.lang.Object) -> a
io.grpc.MethodDescriptor -> c.b.t0:
    java.lang.Object schemaDescriptor -> f
    boolean sampledToLocalTracing -> i
    io.grpc.MethodDescriptor$Marshaller responseMarshaller -> e
    io.grpc.MethodDescriptor$Marshaller requestMarshaller -> d
    boolean idempotent -> g
    boolean safe -> h
    java.lang.String serviceName -> c
    io.grpc.MethodDescriptor$MethodType type -> a
    java.lang.String fullMethodName -> b
    java.lang.String extractFullServiceName(java.lang.String) -> a
    java.lang.String generateFullMethodName(java.lang.String,java.lang.String) -> a
    java.lang.String getFullMethodName() -> a
    io.grpc.MethodDescriptor$Builder newBuilder(io.grpc.MethodDescriptor$Marshaller,io.grpc.MethodDescriptor$Marshaller) -> a
    java.lang.Object parseResponse(java.io.InputStream) -> a
    java.io.InputStream streamRequest(java.lang.Object) -> a
    java.lang.String getServiceName() -> b
    io.grpc.MethodDescriptor$MethodType getType() -> c
    boolean isSafe() -> d
    io.grpc.MethodDescriptor$Builder newBuilder() -> e
io.grpc.MethodDescriptor$1 -> c.b.t0$a:
io.grpc.MethodDescriptor$Builder -> c.b.t0$b:
    java.lang.Object schemaDescriptor -> g
    boolean idempotent -> e
    boolean safe -> f
    boolean sampledToLocalTracing -> h
    io.grpc.MethodDescriptor$Marshaller requestMarshaller -> a
    io.grpc.MethodDescriptor$Marshaller responseMarshaller -> b
    io.grpc.MethodDescriptor$MethodType type -> c
    java.lang.String fullMethodName -> d
    io.grpc.MethodDescriptor build() -> a
    io.grpc.MethodDescriptor$Builder setFullMethodName(java.lang.String) -> a
    io.grpc.MethodDescriptor$Builder setRequestMarshaller(io.grpc.MethodDescriptor$Marshaller) -> a
    io.grpc.MethodDescriptor$Builder setSampledToLocalTracing(boolean) -> a
    io.grpc.MethodDescriptor$Builder setType(io.grpc.MethodDescriptor$MethodType) -> a
    io.grpc.MethodDescriptor$Builder setResponseMarshaller(io.grpc.MethodDescriptor$Marshaller) -> b
io.grpc.MethodDescriptor$Marshaller -> c.b.t0$c:
    java.lang.Object parse(java.io.InputStream) -> a
    java.io.InputStream stream(java.lang.Object) -> a
io.grpc.MethodDescriptor$MethodType -> c.b.t0$d:
    io.grpc.MethodDescriptor$MethodType[] $VALUES -> g
    io.grpc.MethodDescriptor$MethodType SERVER_STREAMING -> d
    io.grpc.MethodDescriptor$MethodType BIDI_STREAMING -> e
    io.grpc.MethodDescriptor$MethodType UNKNOWN -> f
    io.grpc.MethodDescriptor$MethodType UNARY -> b
    io.grpc.MethodDescriptor$MethodType CLIENT_STREAMING -> c
    boolean clientSendsOneMessage() -> b
io.grpc.MethodDescriptor$PrototypeMarshaller -> c.b.t0$e:
io.grpc.MethodDescriptor$ReflectableMarshaller -> c.b.t0$f:
io.grpc.NameResolver -> c.b.u0:
    java.lang.String getServiceAuthority() -> a
    void start(io.grpc.NameResolver$Listener2) -> a
    void start(io.grpc.NameResolver$Listener) -> a
    void refresh() -> b
    void shutdown() -> c
io.grpc.NameResolver$1 -> c.b.u0$a:
    io.grpc.NameResolver$Listener val$listener -> a
    void onError(io.grpc.Status) -> a
    void onResult(io.grpc.NameResolver$ResolutionResult) -> a